{"L":"DEBUG","T":"2023-02-19T14:23:27.551+0800","C":"awesomeProject/main.go:28","M":"logger init success..."}
{"L":"ERROR","T":"2023-02-19T14:23:27.574+0800","C":"mysql/mysql.go:27","M":"connect DB failed","error":"dial tcp: lookup tcp/%!d(string=3306): getaddrinfow: The specified class was not found."}
{"L":"DEBUG","T":"2023-02-19T14:25:19.087+0800","C":"awesomeProject/main.go:28","M":"logger init success..."}
{"L":"ERROR","T":"2023-02-19T14:25:19.096+0800","C":"mysql/mysql.go:27","M":"connect DB failed","error":"dial tcp: lookup tcp/%!d(string=3306): getaddrinfow: The specified class was not found."}
{"L":"DEBUG","T":"2023-02-19T14:26:45.868+0800","C":"awesomeProject/main.go:28","M":"logger init success..."}
{"L":"ERROR","T":"2023-02-19T14:26:46.880+0800","C":"mysql/mysql.go:27","M":"connect DB failed","error":"dial tcp 127.0.0.1:3306: connectex: No connection could be made because the target machine actively refused it."}
{"L":"DEBUG","T":"2023-02-19T14:41:10.179+0800","C":"awesomeProject/main.go:28","M":"logger init success..."}
{"L":"ERROR","T":"2023-02-19T14:41:10.191+0800","C":"mysql/mysql.go:27","M":"connect DB failed","error":"Error 1049 (42000): Unknown database 'ginchat'"}
{"L":"DEBUG","T":"2023-02-19T14:48:59.120+0800","C":"awesomeProject/main.go:28","M":"logger init success..."}
{"L":"DEBUG","T":"2023-02-19T14:55:06.099+0800","C":"awesomeProject/main.go:28","M":"logger init success..."}
{"L":"INFO","T":"2023-02-19T14:56:22.302+0800","C":"logger1/logger.go:82","M":"/hello","status":200,"method":"GET","path":"/hello","query":"","ip":"::1","user-agent":"Mozilla/5.0 (Windows NT 10.0; Win64; x64) AppleWebKit/537.36 (KHTML, like Gecko) Chrome/110.0.0.0 Safari/537.36 Edg/110.0.1587.50","errors":"","cost":"0s"}
{"L":"DEBUG","T":"2023-02-19T18:56:29.041+0800","C":"awesomeProject/main.go:28","M":"logger init success..."}
{"L":"INFO","T":"2023-02-19T18:56:58.543+0800","C":"logger1/logger.go:81","M":"/hello","status":200,"method":"GET","path":"/hello","query":"","ip":"::1","user-agent":"Mozilla/5.0 (Windows NT 10.0; Win64; x64) AppleWebKit/537.36 (KHTML, like Gecko) Chrome/110.0.0.0 Safari/537.36 Edg/110.0.1587.50","errors":"","cost":"0s"}
{"L":"DEBUG","T":"2023-02-19T19:07:12.885+0800","C":"awesomeProject/main.go:28","M":"logger init success..."}
{"L":"DEBUG","T":"2023-02-19T19:07:57.633+0800","C":"awesomeProject/main.go:28","M":"logger init success..."}
{"L":"DEBUG","T":"2023-02-19T23:19:41.964+0800","C":"awesomeProject/main.go:29","M":"logger init success..."}
{"L":"DEBUG","T":"2023-02-20T18:23:26.779+0800","C":"awesomeProject/main.go:29","M":"logger init success..."}
{"L":"DEBUG","T":"2023-02-20T18:23:50.504+0800","C":"awesomeProject/main.go:29","M":"logger init success..."}
{"L":"INFO","T":"2023-02-20T18:23:58.562+0800","C":"logger1/logger.go:81","M":"/signUp","status":404,"method":"POST","path":"/signUp","query":"","ip":"::1","user-agent":"PostmanRuntime/7.31.0","errors":"","cost":"0s"}
{"L":"INFO","T":"2023-02-20T18:24:20.787+0800","C":"logger1/logger.go:81","M":"/signUp","status":404,"method":"POST","path":"/signUp","query":"","ip":"::1","user-agent":"PostmanRuntime/7.31.0","errors":"","cost":"0s"}
{"L":"INFO","T":"2023-02-20T18:25:46.130+0800","C":"logger1/logger.go:81","M":"/hello","status":200,"method":"GET","path":"/hello","query":"","ip":"::1","user-agent":"Mozilla/5.0 (Windows NT 10.0; Win64; x64) AppleWebKit/537.36 (KHTML, like Gecko) Chrome/110.0.0.0 Safari/537.36 Edg/110.0.1587.50","errors":"","cost":"0s"}
{"L":"INFO","T":"2023-02-20T18:25:46.904+0800","C":"logger1/logger.go:81","M":"/favicon.ico","status":404,"method":"GET","path":"/favicon.ico","query":"","ip":"::1","user-agent":"Mozilla/5.0 (Windows NT 10.0; Win64; x64) AppleWebKit/537.36 (KHTML, like Gecko) Chrome/110.0.0.0 Safari/537.36 Edg/110.0.1587.50","errors":"","cost":"0s"}
{"L":"INFO","T":"2023-02-20T18:25:54.692+0800","C":"logger1/logger.go:81","M":"/signup","status":404,"method":"GET","path":"/signup","query":"","ip":"::1","user-agent":"Mozilla/5.0 (Windows NT 10.0; Win64; x64) AppleWebKit/537.36 (KHTML, like Gecko) Chrome/110.0.0.0 Safari/537.36 Edg/110.0.1587.50","errors":"","cost":"0s"}
{"L":"INFO","T":"2023-02-20T18:26:43.188+0800","C":"logger1/logger.go:81","M":"/signUp","status":404,"method":"GET","path":"/signUp","query":"","ip":"::1","user-agent":"Mozilla/5.0 (Windows NT 10.0; Win64; x64) AppleWebKit/537.36 (KHTML, like Gecko) Chrome/110.0.0.0 Safari/537.36 Edg/110.0.1587.50","errors":"","cost":"0s"}
{"L":"INFO","T":"2023-02-20T18:26:55.409+0800","C":"logger1/logger.go:81","M":"/signUp","status":404,"method":"POST","path":"/signUp","query":"","ip":"::1","user-agent":"PostmanRuntime/7.31.0","errors":"","cost":"0s"}
{"L":"DEBUG","T":"2023-02-20T18:27:11.931+0800","C":"awesomeProject/main.go:29","M":"logger init success..."}
{"L":"INFO","T":"2023-02-20T18:27:15.187+0800","C":"logger1/logger.go:81","M":"/signUp","status":200,"method":"POST","path":"/signUp","query":"","ip":"::1","user-agent":"PostmanRuntime/7.31.0","errors":"","cost":"1.0035ms"}
{"L":"DEBUG","T":"2023-02-21T19:46:24.598+0800","C":"awesomeProject/main.go:29","M":"logger init success..."}
{"L":"DEBUG","T":"2023-02-21T19:46:49.723+0800","C":"awesomeProject/main.go:29","M":"logger init success..."}
{"L":"INFO","T":"2023-02-21T19:48:17.165+0800","C":"logger1/logger.go:81","M":"/signup","status":404,"method":"POST","path":"/signup","query":"","ip":"::1","user-agent":"PostmanRuntime/7.31.0","errors":"","cost":"0s"}
{"L":"INFO","T":"2023-02-21T19:48:29.800+0800","C":"logger1/logger.go:81","M":"/signup","status":404,"method":"POST","path":"/signup","query":"","ip":"::1","user-agent":"PostmanRuntime/7.31.0","errors":"","cost":"0s"}
{"L":"INFO","T":"2023-02-21T19:49:42.263+0800","C":"logger1/logger.go:81","M":"/signup","status":404,"method":"POST","path":"/signup","query":"","ip":"::1","user-agent":"PostmanRuntime/7.31.0","errors":"","cost":"0s"}
{"L":"INFO","T":"2023-02-21T19:49:57.275+0800","C":"logger1/logger.go:81","M":"/hello","status":404,"method":"POST","path":"/hello","query":"","ip":"::1","user-agent":"PostmanRuntime/7.31.0","errors":"","cost":"0s"}
{"L":"INFO","T":"2023-02-21T19:50:02.058+0800","C":"logger1/logger.go:81","M":"/hello","status":200,"method":"GET","path":"/hello","query":"","ip":"::1","user-agent":"PostmanRuntime/7.31.0","errors":"","cost":"0s"}
{"L":"INFO","T":"2023-02-21T19:50:22.899+0800","C":"logger1/logger.go:81","M":"/login","status":404,"method":"POST","path":"/login","query":"","ip":"::1","user-agent":"PostmanRuntime/7.31.0","errors":"","cost":"0s"}
{"L":"INFO","T":"2023-02-21T19:50:43.072+0800","C":"logger1/logger.go:81","M":"/signup","status":404,"method":"POST","path":"/signup","query":"","ip":"::1","user-agent":"PostmanRuntime/7.31.0","errors":"","cost":"0s"}
{"L":"DEBUG","T":"2023-02-21T19:51:31.698+0800","C":"awesomeProject/main.go:29","M":"logger init success..."}
{"L":"ERROR","T":"2023-02-21T19:51:38.289+0800","C":"controller/user.go:36","M":"service错误","error":"Error 1146 (42S02): Table 'ginchat.users' doesn't exist"}
{"L":"INFO","T":"2023-02-21T19:51:38.289+0800","C":"logger1/logger.go:81","M":"/signup","status":200,"method":"POST","path":"/signup","query":"","ip":"::1","user-agent":"PostmanRuntime/7.31.0","errors":"","cost":"13.0344ms"}
{"L":"ERROR","T":"2023-02-21T20:00:10.747+0800","C":"controller/user.go:36","M":"service错误","error":"Error 1146 (42S02): Table 'ginchat.users' doesn't exist"}
{"L":"INFO","T":"2023-02-21T20:00:10.747+0800","C":"logger1/logger.go:81","M":"/signup","status":200,"method":"POST","path":"/signup","query":"","ip":"::1","user-agent":"PostmanRuntime/7.31.0","errors":"","cost":"1.0027ms"}
{"L":"DEBUG","T":"2023-02-21T20:04:57.064+0800","C":"awesomeProject/main.go:29","M":"logger init success..."}
{"L":"ERROR","T":"2023-02-21T20:05:01.629+0800","C":"controller/user.go:36","M":"service错误","error":"Error 1054 (42S22): Unknown column 'name' in 'where clause'"}
{"L":"INFO","T":"2023-02-21T20:05:01.629+0800","C":"logger1/logger.go:81","M":"/signup","status":200,"method":"POST","path":"/signup","query":"","ip":"::1","user-agent":"PostmanRuntime/7.31.0","errors":"","cost":"5.5623ms"}
{"L":"DEBUG","T":"2023-02-21T20:05:47.914+0800","C":"awesomeProject/main.go:29","M":"logger init success..."}
{"L":"ERROR","T":"2023-02-21T20:05:52.453+0800","C":"controller/user.go:36","M":"service错误","error":"record not found"}
{"L":"INFO","T":"2023-02-21T20:05:52.453+0800","C":"logger1/logger.go:81","M":"/signup","status":200,"method":"POST","path":"/signup","query":"","ip":"::1","user-agent":"PostmanRuntime/7.31.0","errors":"","cost":"2.1962ms"}
{"L":"ERROR","T":"2023-02-21T20:10:25.398+0800","C":"controller/user.go:36","M":"service错误","error":"record not found"}
{"L":"INFO","T":"2023-02-21T20:10:25.398+0800","C":"logger1/logger.go:81","M":"/signup","status":200,"method":"POST","path":"/signup","query":"","ip":"::1","user-agent":"PostmanRuntime/7.31.0","errors":"","cost":"2.0059ms"}
{"L":"DEBUG","T":"2023-02-21T20:10:57.800+0800","C":"awesomeProject/main.go:29","M":"logger init success..."}
{"L":"ERROR","T":"2023-02-21T20:13:26.840+0800","C":"controller/user.go:36","M":"service错误","error":"record not found"}
{"L":"INFO","T":"2023-02-21T20:13:26.841+0800","C":"logger1/logger.go:81","M":"/signup","status":200,"method":"POST","path":"/signup","query":"","ip":"::1","user-agent":"PostmanRuntime/7.31.0","errors":"","cost":"1m12.6941903s"}
{"L":"DEBUG","T":"2023-02-21T20:15:09.833+0800","C":"awesomeProject/main.go:29","M":"logger init success..."}
{"L":"ERROR","T":"2023-02-21T20:15:15.163+0800","C":"logger1/logger.go:123","M":"[Recovery from panic]","error":"runtime error: invalid memory address or nil pointer dereference","request":"POST /signup HTTP/1.1\r\nHost: localhost:8080\r\nAccept: */*\r\nAccept-Encoding: gzip, deflate, br\r\nConnection: keep-alive\r\nContent-Length: 94\r\nContent-Type: application/json\r\nPostman-Token: 12f934d5-08e8-49e2-91cc-d421a928a2db\r\nUser-Agent: PostmanRuntime/7.31.0\r\n\r\n","stack":"goroutine 54 [running]:\nruntime/debug.Stack()\n\tD:/go/src/runtime/debug/stack.go:24 +0x65\nawesomeProject/logger1.GinRecovery.func1.1()\n\tC:/Users/hans/GolandProjects/awesomeProject/logger1/logger.go:126 +0x2da\npanic({0x118fe40, 0x1788c50})\n\tD:/go/src/runtime/panic.go:884 +0x212\ngithub.com/bwmarrin/snowflake.(*Node).Generate(0x0)\n\tC:/Users/hans/go/pkg/mod/github.com/bwmarrin/snowflake@v0.3.0/snowflake.go:137 +0x27\nawesomeProject/pkg/snowflake.GenID(...)\n\tC:/Users/hans/GolandProjects/awesomeProject/pkg/snowflake/software.go:23\nawesomeProject/logic.SignUp(0xc000094750)\n\tC:/Users/hans/GolandProjects/awesomeProject/logic/user.go:24 +0x3d\nawesomeProject/controller.SignUpHandler(0xc000065640?)\n\tC:/Users/hans/GolandProjects/awesomeProject/controller/user.go:34 +0x1bf\ngithub.com/gin-gonic/gin.(*Context).Next(...)\n\tC:/Users/hans/go/pkg/mod/github.com/gin-gonic/gin@v1.8.2/context.go:173\nawesomeProject/logger1.GinRecovery.func1(0xc000598400)\n\tC:/Users/hans/GolandProjects/awesomeProject/logger1/logger.go:137 +0x76\ngithub.com/gin-gonic/gin.(*Context).Next(...)\n\tC:/Users/hans/go/pkg/mod/github.com/gin-gonic/gin@v1.8.2/context.go:173\nawesomeProject/logger1.GinLogger.func1(0xc000598400)\n\tC:/Users/hans/GolandProjects/awesomeProject/logger1/logger.go:78 +0xa2\ngithub.com/gin-gonic/gin.(*Context).Next(...)\n\tC:/Users/hans/go/pkg/mod/github.com/gin-gonic/gin@v1.8.2/context.go:173\ngithub.com/gin-gonic/gin.(*Engine).handleHTTPRequest(0xc000084d00, 0xc000598400)\n\tC:/Users/hans/go/pkg/mod/github.com/gin-gonic/gin@v1.8.2/gin.go:616 +0x671\ngithub.com/gin-gonic/gin.(*Engine).ServeHTTP(0xc000084d00, {0x136af10?, 0xc000530460}, 0xc000598300)\n\tC:/Users/hans/go/pkg/mod/github.com/gin-gonic/gin@v1.8.2/gin.go:572 +0x1dd\nnet/http.serverHandler.ServeHTTP({0x1369928?}, {0x136af10, 0xc000530460}, 0xc000598300)\n\tD:/go/src/net/http/server.go:2947 +0x30c\nnet/http.(*conn).serve(0xc00018c0a0, {0x136bb20, 0xc0000944e0})\n\tD:/go/src/net/http/server.go:1991 +0x607\ncreated by net/http.(*Server).Serve\n\tD:/go/src/net/http/server.go:3102 +0x4db\n"}
{"L":"INFO","T":"2023-02-21T20:15:15.163+0800","C":"logger1/logger.go:81","M":"/signup","status":500,"method":"POST","path":"/signup","query":"","ip":"::1","user-agent":"PostmanRuntime/7.31.0","errors":"","cost":"3.008ms"}
{"L":"ERROR","T":"2023-02-21T20:15:19.563+0800","C":"logger1/logger.go:123","M":"[Recovery from panic]","error":"runtime error: invalid memory address or nil pointer dereference","request":"POST /signup HTTP/1.1\r\nHost: localhost:8080\r\nAccept: */*\r\nAccept-Encoding: gzip, deflate, br\r\nConnection: keep-alive\r\nContent-Length: 94\r\nContent-Type: application/json\r\nPostman-Token: 675515a8-d065-4aeb-ab89-6d97938b78b8\r\nUser-Agent: PostmanRuntime/7.31.0\r\n\r\n","stack":"goroutine 54 [running]:\nruntime/debug.Stack()\n\tD:/go/src/runtime/debug/stack.go:24 +0x65\nawesomeProject/logger1.GinRecovery.func1.1()\n\tC:/Users/hans/GolandProjects/awesomeProject/logger1/logger.go:126 +0x2da\npanic({0x118fe40, 0x1788c50})\n\tD:/go/src/runtime/panic.go:884 +0x212\ngithub.com/bwmarrin/snowflake.(*Node).Generate(0x0)\n\tC:/Users/hans/go/pkg/mod/github.com/bwmarrin/snowflake@v0.3.0/snowflake.go:137 +0x27\nawesomeProject/pkg/snowflake.GenID(...)\n\tC:/Users/hans/GolandProjects/awesomeProject/pkg/snowflake/software.go:23\nawesomeProject/logic.SignUp(0xc000115c80)\n\tC:/Users/hans/GolandProjects/awesomeProject/logic/user.go:24 +0x3d\nawesomeProject/controller.SignUpHandler(0xc000065640?)\n\tC:/Users/hans/GolandProjects/awesomeProject/controller/user.go:34 +0x1bf\ngithub.com/gin-gonic/gin.(*Context).Next(...)\n\tC:/Users/hans/go/pkg/mod/github.com/gin-gonic/gin@v1.8.2/context.go:173\nawesomeProject/logger1.GinRecovery.func1(0xc000110800)\n\tC:/Users/hans/GolandProjects/awesomeProject/logger1/logger.go:137 +0x76\ngithub.com/gin-gonic/gin.(*Context).Next(...)\n\tC:/Users/hans/go/pkg/mod/github.com/gin-gonic/gin@v1.8.2/context.go:173\nawesomeProject/logger1.GinLogger.func1(0xc000110800)\n\tC:/Users/hans/GolandProjects/awesomeProject/logger1/logger.go:78 +0xa2\ngithub.com/gin-gonic/gin.(*Context).Next(...)\n\tC:/Users/hans/go/pkg/mod/github.com/gin-gonic/gin@v1.8.2/context.go:173\ngithub.com/gin-gonic/gin.(*Engine).handleHTTPRequest(0xc000084d00, 0xc000110800)\n\tC:/Users/hans/go/pkg/mod/github.com/gin-gonic/gin@v1.8.2/gin.go:616 +0x671\ngithub.com/gin-gonic/gin.(*Engine).ServeHTTP(0xc000084d00, {0x136af10?, 0xc0001122a0}, 0xc000110700)\n\tC:/Users/hans/go/pkg/mod/github.com/gin-gonic/gin@v1.8.2/gin.go:572 +0x1dd\nnet/http.serverHandler.ServeHTTP({0x1369928?}, {0x136af10, 0xc0001122a0}, 0xc000110700)\n\tD:/go/src/net/http/server.go:2947 +0x30c\nnet/http.(*conn).serve(0xc00018c0a0, {0x136bb20, 0xc0000944e0})\n\tD:/go/src/net/http/server.go:1991 +0x607\ncreated by net/http.(*Server).Serve\n\tD:/go/src/net/http/server.go:3102 +0x4db\n"}
{"L":"INFO","T":"2023-02-21T20:15:19.563+0800","C":"logger1/logger.go:81","M":"/signup","status":500,"method":"POST","path":"/signup","query":"","ip":"::1","user-agent":"PostmanRuntime/7.31.0","errors":"","cost":"1.0026ms"}
{"L":"DEBUG","T":"2023-02-21T20:16:12.614+0800","C":"awesomeProject/main.go:29","M":"logger init success..."}
{"L":"ERROR","T":"2023-02-21T20:16:32.908+0800","C":"logger1/logger.go:123","M":"[Recovery from panic]","error":"runtime error: invalid memory address or nil pointer dereference","request":"POST /signup HTTP/1.1\r\nHost: localhost:8080\r\nAccept: */*\r\nAccept-Encoding: gzip, deflate, br\r\nConnection: keep-alive\r\nContent-Length: 94\r\nContent-Type: application/json\r\nPostman-Token: e7bf7f9c-b355-4c95-9cba-2f4baee368a2\r\nUser-Agent: PostmanRuntime/7.31.0\r\n\r\n","stack":"goroutine 14 [running]:\nruntime/debug.Stack()\n\tD:/go/src/runtime/debug/stack.go:24 +0x65\nawesomeProject/logger1.GinRecovery.func1.1()\n\tC:/Users/hans/GolandProjects/awesomeProject/logger1/logger.go:126 +0x2da\npanic({0x118fe40, 0x1788c50})\n\tD:/go/src/runtime/panic.go:884 +0x212\ngithub.com/bwmarrin/snowflake.(*Node).Generate(0x0)\n\tC:/Users/hans/go/pkg/mod/github.com/bwmarrin/snowflake@v0.3.0/snowflake.go:137 +0x27\nawesomeProject/pkg/snowflake.GenID(...)\n\tC:/Users/hans/GolandProjects/awesomeProject/pkg/snowflake/software.go:23\nawesomeProject/logic.SignUp(0xc000583f80)\n\tC:/Users/hans/GolandProjects/awesomeProject/logic/user.go:24 +0x3d\nawesomeProject/controller.SignUpHandler(0xc0004af640?)\n\tC:/Users/hans/GolandProjects/awesomeProject/controller/user.go:34 +0x1bf\ngithub.com/gin-gonic/gin.(*Context).Next(...)\n\tC:/Users/hans/go/pkg/mod/github.com/gin-gonic/gin@v1.8.2/context.go:173\nawesomeProject/logger1.GinRecovery.func1(0xc000110900)\n\tC:/Users/hans/GolandProjects/awesomeProject/logger1/logger.go:137 +0x76\ngithub.com/gin-gonic/gin.(*Context).Next(...)\n\tC:/Users/hans/go/pkg/mod/github.com/gin-gonic/gin@v1.8.2/context.go:173\nawesomeProject/logger1.GinLogger.func1(0xc000110900)\n\tC:/Users/hans/GolandProjects/awesomeProject/logger1/logger.go:78 +0xa2\ngithub.com/gin-gonic/gin.(*Context).Next(...)\n\tC:/Users/hans/go/pkg/mod/github.com/gin-gonic/gin@v1.8.2/context.go:173\ngithub.com/gin-gonic/gin.(*Engine).handleHTTPRequest(0xc000084ea0, 0xc000110900)\n\tC:/Users/hans/go/pkg/mod/github.com/gin-gonic/gin@v1.8.2/gin.go:616 +0x671\ngithub.com/gin-gonic/gin.(*Engine).ServeHTTP(0xc000084ea0, {0x136af10?, 0xc0004540e0}, 0xc0004b6100)\n\tC:/Users/hans/go/pkg/mod/github.com/gin-gonic/gin@v1.8.2/gin.go:572 +0x1dd\nnet/http.serverHandler.ServeHTTP({0x1369928?}, {0x136af10, 0xc0004540e0}, 0xc0004b6100)\n\tD:/go/src/net/http/server.go:2947 +0x30c\nnet/http.(*conn).serve(0xc000180320, {0x136bb20, 0xc000583e00})\n\tD:/go/src/net/http/server.go:1991 +0x607\ncreated by net/http.(*Server).Serve\n\tD:/go/src/net/http/server.go:3102 +0x4db\n"}
{"L":"INFO","T":"2023-02-21T20:16:32.908+0800","C":"logger1/logger.go:81","M":"/signup","status":500,"method":"POST","path":"/signup","query":"","ip":"::1","user-agent":"PostmanRuntime/7.31.0","errors":"","cost":"1.9871ms"}
{"L":"ERROR","T":"2023-02-21T20:16:37.774+0800","C":"logger1/logger.go:123","M":"[Recovery from panic]","error":"runtime error: invalid memory address or nil pointer dereference","request":"POST /signup HTTP/1.1\r\nHost: localhost:8080\r\nAccept: */*\r\nAccept-Encoding: gzip, deflate, br\r\nConnection: keep-alive\r\nContent-Length: 94\r\nContent-Type: application/json\r\nPostman-Token: bc513abe-6fca-436d-a778-43ab09d74415\r\nUser-Agent: PostmanRuntime/7.31.0\r\n\r\n","stack":"goroutine 14 [running]:\nruntime/debug.Stack()\n\tD:/go/src/runtime/debug/stack.go:24 +0x65\nawesomeProject/logger1.GinRecovery.func1.1()\n\tC:/Users/hans/GolandProjects/awesomeProject/logger1/logger.go:126 +0x2da\npanic({0x118fe40, 0x1788c50})\n\tD:/go/src/runtime/panic.go:884 +0x212\ngithub.com/bwmarrin/snowflake.(*Node).Generate(0x0)\n\tC:/Users/hans/go/pkg/mod/github.com/bwmarrin/snowflake@v0.3.0/snowflake.go:137 +0x27\nawesomeProject/pkg/snowflake.GenID(...)\n\tC:/Users/hans/GolandProjects/awesomeProject/pkg/snowflake/software.go:23\nawesomeProject/logic.SignUp(0xc0004782d0)\n\tC:/Users/hans/GolandProjects/awesomeProject/logic/user.go:24 +0x3d\nawesomeProject/controller.SignUpHandler(0x1a8be1b5c00?)\n\tC:/Users/hans/GolandProjects/awesomeProject/controller/user.go:34 +0x1bf\ngithub.com/gin-gonic/gin.(*Context).Next(...)\n\tC:/Users/hans/go/pkg/mod/github.com/gin-gonic/gin@v1.8.2/context.go:173\nawesomeProject/logger1.GinRecovery.func1(0xc0000b4100)\n\tC:/Users/hans/GolandProjects/awesomeProject/logger1/logger.go:137 +0x76\ngithub.com/gin-gonic/gin.(*Context).Next(...)\n\tC:/Users/hans/go/pkg/mod/github.com/gin-gonic/gin@v1.8.2/context.go:173\nawesomeProject/logger1.GinLogger.func1(0xc0000b4100)\n\tC:/Users/hans/GolandProjects/awesomeProject/logger1/logger.go:78 +0xa2\ngithub.com/gin-gonic/gin.(*Context).Next(...)\n\tC:/Users/hans/go/pkg/mod/github.com/gin-gonic/gin@v1.8.2/context.go:173\ngithub.com/gin-gonic/gin.(*Engine).handleHTTPRequest(0xc000084ea0, 0xc0000b4100)\n\tC:/Users/hans/go/pkg/mod/github.com/gin-gonic/gin@v1.8.2/gin.go:616 +0x671\ngithub.com/gin-gonic/gin.(*Engine).ServeHTTP(0xc000084ea0, {0x136af10?, 0xc0001122a0}, 0xc0000b4000)\n\tC:/Users/hans/go/pkg/mod/github.com/gin-gonic/gin@v1.8.2/gin.go:572 +0x1dd\nnet/http.serverHandler.ServeHTTP({0x1369928?}, {0x136af10, 0xc0001122a0}, 0xc0000b4000)\n\tD:/go/src/net/http/server.go:2947 +0x30c\nnet/http.(*conn).serve(0xc000180320, {0x136bb20, 0xc000583e00})\n\tD:/go/src/net/http/server.go:1991 +0x607\ncreated by net/http.(*Server).Serve\n\tD:/go/src/net/http/server.go:3102 +0x4db\n"}
{"L":"INFO","T":"2023-02-21T20:16:37.774+0800","C":"logger1/logger.go:81","M":"/signup","status":500,"method":"POST","path":"/signup","query":"","ip":"::1","user-agent":"PostmanRuntime/7.31.0","errors":"","cost":"1.0027ms"}
{"L":"DEBUG","T":"2023-02-21T20:18:44.513+0800","C":"awesomeProject/main.go:29","M":"logger init success..."}
{"L":"ERROR","T":"2023-02-21T20:19:58.055+0800","C":"logger1/logger.go:123","M":"[Recovery from panic]","error":"runtime error: invalid memory address or nil pointer dereference","request":"POST /signup HTTP/1.1\r\nHost: localhost:8080\r\nAccept: */*\r\nAccept-Encoding: gzip, deflate, br\r\nConnection: keep-alive\r\nContent-Length: 94\r\nContent-Type: application/json\r\nPostman-Token: edecdd75-037a-4a45-a916-69e2fc19e995\r\nUser-Agent: PostmanRuntime/7.31.0\r\n\r\n","stack":"goroutine 23 [running]:\nruntime/debug.Stack()\n\tD:/go/src/runtime/debug/stack.go:24 +0x7a\nawesomeProject/logger1.GinRecovery.func1.1()\n\tC:/Users/hans/GolandProjects/awesomeProject/logger1/logger.go:126 +0x6f1\npanic({0x1bad0a0, 0x20a5c70})\n\tD:/go/src/runtime/panic.go:890 +0x267\ngithub.com/bwmarrin/snowflake.(*Node).Generate(0x0)\n\tC:/Users/hans/go/pkg/mod/github.com/bwmarrin/snowflake@v0.3.0/snowflake.go:137 +0x3f\nawesomeProject/pkg/snowflake.GenID()\n\tC:/Users/hans/GolandProjects/awesomeProject/pkg/snowflake/software.go:23 +0x29\nawesomeProject/logic.SignUp(0xc0001153e0)\n\tC:/Users/hans/GolandProjects/awesomeProject/logic/user.go:24 +0x95\nawesomeProject/controller.SignUpHandler(0xc000110200)\n\tC:/Users/hans/GolandProjects/awesomeProject/controller/user.go:34 +0x4a7\ngithub.com/gin-gonic/gin.(*Context).Next(0xc000110200)\n\tC:/Users/hans/go/pkg/mod/github.com/gin-gonic/gin@v1.8.2/context.go:173 +0x7d\nawesomeProject/logger1.GinRecovery.func1(0xc000110200)\n\tC:/Users/hans/GolandProjects/awesomeProject/logger1/logger.go:137 +0x8c\ngithub.com/gin-gonic/gin.(*Context).Next(0xc000110200)\n\tC:/Users/hans/go/pkg/mod/github.com/gin-gonic/gin@v1.8.2/context.go:173 +0x7d\nawesomeProject/logger1.GinLogger.func1(0xc000110200)\n\tC:/Users/hans/GolandProjects/awesomeProject/logger1/logger.go:78 +0xab\ngithub.com/gin-gonic/gin.(*Context).Next(0xc000110200)\n\tC:/Users/hans/go/pkg/mod/github.com/gin-gonic/gin@v1.8.2/context.go:173 +0x7d\ngithub.com/gin-gonic/gin.(*Engine).handleHTTPRequest(0xc0000cc340, 0xc000110200)\n\tC:/Users/hans/go/pkg/mod/github.com/gin-gonic/gin@v1.8.2/gin.go:616 +0x434\ngithub.com/gin-gonic/gin.(*Engine).ServeHTTP(0xc0000cc340, {0x1d02280, 0xc00046a000}, 0xc0000ee100)\n\tC:/Users/hans/go/pkg/mod/github.com/gin-gonic/gin@v1.8.2/gin.go:572 +0xc5\nnet/http.serverHandler.ServeHTTP({0xc0000b20f0}, {0x1d02280, 0xc00046a000}, 0xc0000ee100)\n\tD:/go/src/net/http/server.go:2947 +0x474\nnet/http.(*conn).serve(0xc000000960, {0x1d02e50, 0xc0002143c0})\n\tD:/go/src/net/http/server.go:1991 +0x195c\ncreated by net/http.(*Server).Serve\n\tD:/go/src/net/http/server.go:3102 +0x9e5\n"}
{"L":"INFO","T":"2023-02-21T20:19:58.056+0800","C":"logger1/logger.go:81","M":"/signup","status":500,"method":"POST","path":"/signup","query":"","ip":"::1","user-agent":"PostmanRuntime/7.31.0","errors":"","cost":"1m8.6859652s"}
{"L":"DEBUG","T":"2023-02-21T20:20:47.025+0800","C":"awesomeProject/main.go:29","M":"logger init success..."}
{"L":"ERROR","T":"2023-02-21T20:20:49.808+0800","C":"controller/user.go:36","M":"service错误","error":"WHERE conditions required"}
{"L":"INFO","T":"2023-02-21T20:20:49.808+0800","C":"logger1/logger.go:81","M":"/signup","status":200,"method":"POST","path":"/signup","query":"","ip":"::1","user-agent":"PostmanRuntime/7.31.0","errors":"","cost":"3.0114ms"}
{"L":"DEBUG","T":"2023-02-21T20:24:12.286+0800","C":"awesomeProject/main.go:29","M":"logger init success..."}
{"L":"ERROR","T":"2023-02-21T20:24:42.714+0800","C":"controller/user.go:36","M":"service错误","error":"WHERE conditions required"}
{"L":"INFO","T":"2023-02-21T20:24:46.536+0800","C":"logger1/logger.go:81","M":"/signup","status":200,"method":"POST","path":"/signup","query":"","ip":"::1","user-agent":"PostmanRuntime/7.31.0","errors":"","cost":"31.1644795s"}
{"L":"DEBUG","T":"2023-02-21T20:24:51.133+0800","C":"awesomeProject/main.go:29","M":"logger init success..."}
{"L":"ERROR","T":"2023-02-21T20:26:34.519+0800","C":"controller/user.go:36","M":"service错误","error":"WHERE conditions required"}
{"L":"INFO","T":"2023-02-21T20:26:34.520+0800","C":"logger1/logger.go:81","M":"/signup","status":200,"method":"POST","path":"/signup","query":"","ip":"::1","user-agent":"PostmanRuntime/7.31.0","errors":"","cost":"1m42.052914s"}
{"L":"DEBUG","T":"2023-02-21T20:28:01.691+0800","C":"awesomeProject/main.go:29","M":"logger init success..."}
{"L":"ERROR","T":"2023-02-21T20:28:05.047+0800","C":"controller/user.go:36","M":"service错误","error":"WHERE conditions required"}
{"L":"INFO","T":"2023-02-21T20:28:05.047+0800","C":"logger1/logger.go:81","M":"/signup","status":200,"method":"POST","path":"/signup","query":"","ip":"::1","user-agent":"PostmanRuntime/7.31.0","errors":"","cost":"2.0082ms"}
{"L":"DEBUG","T":"2023-02-21T20:38:05.326+0800","C":"awesomeProject/main.go:29","M":"logger init success..."}
{"L":"INFO","T":"2023-02-21T20:38:08.495+0800","C":"logger1/logger.go:81","M":"/signup","status":200,"method":"POST","path":"/signup","query":"","ip":"::1","user-agent":"PostmanRuntime/7.31.0","errors":"","cost":"16.3496ms"}
{"L":"DEBUG","T":"2023-02-21T20:43:36.188+0800","C":"awesomeProject/main.go:29","M":"logger init success..."}
{"L":"ERROR","T":"2023-02-21T20:43:44.650+0800","C":"logger1/logger.go:123","M":"[Recovery from panic]","error":"runtime error: invalid memory address or nil pointer dereference","request":"POST /signup HTTP/1.1\r\nHost: localhost:8080\r\nAccept: */*\r\nAccept-Encoding: gzip, deflate, br\r\nConnection: keep-alive\r\nContent-Length: 94\r\nContent-Type: application/json\r\nPostman-Token: fa4319d3-4365-4347-b809-78dddd201dd9\r\nUser-Agent: PostmanRuntime/7.31.0\r\n\r\n","stack":"goroutine 50 [running]:\nruntime/debug.Stack()\n\tD:/go/src/runtime/debug/stack.go:24 +0x65\nawesomeProject/logger1.GinRecovery.func1.1()\n\tC:/Users/hans/GolandProjects/awesomeProject/logger1/logger.go:126 +0x2da\npanic({0x160fe40, 0x1c08c50})\n\tD:/go/src/runtime/panic.go:884 +0x212\ngithub.com/bwmarrin/snowflake.(*Node).Generate(0x0)\n\tC:/Users/hans/go/pkg/mod/github.com/bwmarrin/snowflake@v0.3.0/snowflake.go:137 +0x27\nawesomeProject/pkg/snowflake.GenID(...)\n\tC:/Users/hans/GolandProjects/awesomeProject/pkg/snowflake/software.go:23\nawesomeProject/dao/usermysql.InsertUser(0xc00050d230)\n\tC:/Users/hans/GolandProjects/awesomeProject/dao/usermysql/user.go:24 +0x8b\nawesomeProject/logic.SignUp(0xc00050d230)\n\tC:/Users/hans/GolandProjects/awesomeProject/logic/user.go:27 +0x36\nawesomeProject/controller.SignUpHandler(0xc0000b1640?)\n\tC:/Users/hans/GolandProjects/awesomeProject/controller/user.go:34 +0x1bf\ngithub.com/gin-gonic/gin.(*Context).Next(...)\n\tC:/Users/hans/go/pkg/mod/github.com/gin-gonic/gin@v1.8.2/context.go:173\nawesomeProject/logger1.GinRecovery.func1(0xc000110300)\n\tC:/Users/hans/GolandProjects/awesomeProject/logger1/logger.go:137 +0x76\ngithub.com/gin-gonic/gin.(*Context).Next(...)\n\tC:/Users/hans/go/pkg/mod/github.com/gin-gonic/gin@v1.8.2/context.go:173\nawesomeProject/logger1.GinLogger.func1(0xc000110300)\n\tC:/Users/hans/GolandProjects/awesomeProject/logger1/logger.go:78 +0xa2\ngithub.com/gin-gonic/gin.(*Context).Next(...)\n\tC:/Users/hans/go/pkg/mod/github.com/gin-gonic/gin@v1.8.2/context.go:173\ngithub.com/gin-gonic/gin.(*Engine).handleHTTPRequest(0xc000043380, 0xc000110300)\n\tC:/Users/hans/go/pkg/mod/github.com/gin-gonic/gin@v1.8.2/gin.go:616 +0x671\ngithub.com/gin-gonic/gin.(*Engine).ServeHTTP(0xc000043380, {0x17eaf10?, 0xc0001122a0}, 0xc000110200)\n\tC:/Users/hans/go/pkg/mod/github.com/gin-gonic/gin@v1.8.2/gin.go:572 +0x1dd\nnet/http.serverHandler.ServeHTTP({0x17e9928?}, {0x17eaf10, 0xc0001122a0}, 0xc000110200)\n\tD:/go/src/net/http/server.go:2947 +0x30c\nnet/http.(*conn).serve(0xc00016a000, {0x17ebb20, 0xc000115320})\n\tD:/go/src/net/http/server.go:1991 +0x607\ncreated by net/http.(*Server).Serve\n\tD:/go/src/net/http/server.go:3102 +0x4db\n"}
{"L":"INFO","T":"2023-02-21T20:43:44.650+0800","C":"logger1/logger.go:81","M":"/signup","status":500,"method":"POST","path":"/signup","query":"","ip":"::1","user-agent":"PostmanRuntime/7.31.0","errors":"","cost":"1.0033ms"}
{"L":"DEBUG","T":"2023-02-21T20:58:20.134+0800","C":"awesomeProject/main.go:29","M":"logger init success..."}
{"L":"INFO","T":"2023-02-21T20:58:36.414+0800","C":"logger1/logger.go:81","M":"/signup","status":200,"method":"POST","path":"/signup","query":"","ip":"::1","user-agent":"PostmanRuntime/7.31.0","errors":"","cost":"11.0487ms"}
{"L":"DEBUG","T":"2023-02-21T20:59:28.844+0800","C":"awesomeProject/main.go:29","M":"logger init success..."}
{"L":"ERROR","T":"2023-02-21T20:59:37.850+0800","C":"controller/user.go:50","M":"login with invalid param","error":"invalid character '/' looking for beginning of value"}
{"L":"INFO","T":"2023-02-21T20:59:37.850+0800","C":"logger1/logger.go:81","M":"/login","status":200,"method":"POST","path":"/login","query":"","ip":"::1","user-agent":"PostmanRuntime/7.31.0","errors":"","cost":"0s"}
{"L":"ERROR","T":"2023-02-21T21:00:04.372+0800","C":"controller/user.go:50","M":"login with invalid param","error":"invalid character '/' looking for beginning of value"}
{"L":"INFO","T":"2023-02-21T21:00:04.372+0800","C":"logger1/logger.go:81","M":"/login","status":200,"method":"POST","path":"/login","query":"","ip":"::1","user-agent":"PostmanRuntime/7.31.0","errors":"","cost":"0s"}
{"L":"DEBUG","T":"2023-02-21T21:00:52.081+0800","C":"awesomeProject/main.go:29","M":"logger init success..."}
{"L":"ERROR","T":"2023-02-21T21:00:59.975+0800","C":"controller/user.go:50","M":"login with invalid param","error":"invalid character '/' looking for beginning of value"}
{"L":"INFO","T":"2023-02-21T21:00:59.975+0800","C":"logger1/logger.go:81","M":"/login","status":200,"method":"POST","path":"/login","query":"","ip":"::1","user-agent":"PostmanRuntime/7.31.0","errors":"","cost":"1.0027ms"}
{"L":"INFO","T":"2023-02-21T21:10:22.295+0800","C":"logger1/logger.go:81","M":"/login","status":200,"method":"POST","path":"/login","query":"","ip":"::1","user-agent":"PostmanRuntime/7.31.0","errors":"","cost":"44.595734s"}
{"L":"DEBUG","T":"2023-02-21T21:10:59.714+0800","C":"awesomeProject/main.go:29","M":"logger init success..."}
{"L":"INFO","T":"2023-02-21T21:11:24.162+0800","C":"logger1/logger.go:81","M":"/login","status":200,"method":"POST","path":"/login","query":"","ip":"::1","user-agent":"PostmanRuntime/7.31.0","errors":"","cost":"1.0032ms"}
{"L":"DEBUG","T":"2023-02-21T23:32:23.801+0800","C":"awesomeProject/main.go:29","M":"logger init success..."}
{"L":"INFO","T":"2023-02-21T23:32:28.119+0800","C":"logger1/logger.go:81","M":"/login","status":200,"method":"POST","path":"/login","query":"","ip":"::1","user-agent":"PostmanRuntime/7.31.0","errors":"","cost":"1.053ms"}
{"L":"DEBUG","T":"2023-02-22T00:34:51.024+0800","C":"awesomeProject/main.go:29","M":"logger init success..."}
{"L":"INFO","T":"2023-02-22T00:35:10.510+0800","C":"logger1/logger.go:81","M":"/login","status":200,"method":"POST","path":"/login","query":"","ip":"::1","user-agent":"PostmanRuntime/7.31.0","errors":"","cost":"1.0029ms"}
{"L":"DEBUG","T":"2023-02-22T11:03:06.338+0800","C":"awesomeProject/main.go:29","M":"logger init success..."}
{"L":"DEBUG","T":"2023-02-22T11:04:27.097+0800","C":"awesomeProject/main.go:29","M":"logger init success..."}
{"L":"DEBUG","T":"2023-02-22T14:25:55.269+0800","C":"awesomeProject/main.go:29","M":"logger init success..."}
{"L":"DEBUG","T":"2023-02-22T14:26:04.367+0800","C":"awesomeProject/main.go:29","M":"logger init success..."}
{"L":"DEBUG","T":"2023-02-22T15:43:03.018+0800","C":"awesomeProject/main.go:29","M":"logger init success..."}
{"L":"INFO","T":"2023-02-22T15:43:07.614+0800","C":"logger1/logger.go:81","M":"/api/v1/login","status":200,"method":"POST","path":"/api/v1/login","query":"","ip":"::1","user-agent":"PostmanRuntime/7.31.0","errors":"","cost":"10.0255ms"}
{"L":"INFO","T":"2023-02-22T15:44:00.657+0800","C":"logger1/logger.go:81","M":"/api/v1/community","status":200,"method":"POST","path":"/api/v1/community","query":"","ip":"::1","user-agent":"PostmanRuntime/7.31.0","errors":"","cost":"0s"}
{"L":"INFO","T":"2023-02-22T15:44:03.807+0800","C":"logger1/logger.go:81","M":"/api/v1/community","status":200,"method":"POST","path":"/api/v1/community","query":"","ip":"::1","user-agent":"PostmanRuntime/7.31.0","errors":"","cost":"0s"}
{"L":"INFO","T":"2023-02-22T15:44:13.488+0800","C":"logger1/logger.go:81","M":"/api/v1/community","status":401,"method":"GET","path":"/api/v1/community","query":"","ip":"::1","user-agent":"PostmanRuntime/7.31.0","errors":"","cost":"0s"}
{"L":"INFO","T":"2023-02-22T15:44:22.733+0800","C":"logger1/logger.go:81","M":"/api/v1/community","status":401,"method":"GET","path":"/api/v1/community","query":"","ip":"::1","user-agent":"PostmanRuntime/7.31.0","errors":"","cost":"0s"}
{"L":"DEBUG","T":"2023-02-22T19:31:43.773+0800","C":"awesomeProject/main.go:29","M":"logger init success..."}
{"L":"INFO","T":"2023-02-22T19:32:16.966+0800","C":"logger1/logger.go:81","M":"/api/v1/community","status":401,"method":"GET","path":"/api/v1/community","query":"","ip":"::1","user-agent":"PostmanRuntime/7.31.0","errors":"","cost":"0s"}
{"L":"INFO","T":"2023-02-22T19:32:56.423+0800","C":"logger1/logger.go:81","M":"/api/v1/community","status":401,"method":"GET","path":"/api/v1/community","query":"","ip":"::1","user-agent":"PostmanRuntime/7.31.0","errors":"","cost":"0s"}
{"L":"INFO","T":"2023-02-22T19:34:00.846+0800","C":"logger1/logger.go:81","M":"/api/v1/login","status":200,"method":"POST","path":"/api/v1/login","query":"","ip":"::1","user-agent":"PostmanRuntime/7.31.0","errors":"","cost":"1.9914ms"}
{"L":"INFO","T":"2023-02-22T19:34:12.362+0800","C":"logger1/logger.go:81","M":"/api/v1/community","status":200,"method":"POST","path":"/api/v1/community","query":"","ip":"::1","user-agent":"PostmanRuntime/7.31.0","errors":"","cost":"0s"}
{"L":"INFO","T":"2023-02-22T19:34:41.436+0800","C":"logger1/logger.go:81","M":"/api/v1/community","status":401,"method":"GET","path":"/api/v1/community","query":"","ip":"::1","user-agent":"PostmanRuntime/7.31.0","errors":"","cost":"0s"}
{"L":"DEBUG","T":"2023-02-22T19:35:09.802+0800","C":"awesomeProject/main.go:29","M":"logger init success..."}
{"L":"ERROR","T":"2023-02-22T19:35:13.946+0800","C":"controller/community.go:15","M":"logic.GetCommunityList() failed","error":"Error 1146 (42S02): Table 'ginchat.communities' doesn't exist"}
{"L":"INFO","T":"2023-02-22T19:35:13.946+0800","C":"logger1/logger.go:81","M":"/api/v1/community","status":200,"method":"GET","path":"/api/v1/community","query":"","ip":"::1","user-agent":"PostmanRuntime/7.31.0","errors":"","cost":"10.0226ms"}
{"L":"INFO","T":"2023-02-22T19:36:20.188+0800","C":"logger1/logger.go:81","M":"/api/v1/community","status":200,"method":"GET","path":"/api/v1/community","query":"","ip":"::1","user-agent":"PostmanRuntime/7.31.0","errors":"","cost":"2.005ms"}
{"L":"INFO","T":"2023-02-22T19:44:45.623+0800","C":"logger1/logger.go:81","M":"/api/v1/login","status":200,"method":"POST","path":"/api/v1/login","query":"","ip":"::1","user-agent":"PostmanRuntime/7.31.0","errors":"","cost":"1.0027ms"}
{"L":"INFO","T":"2023-02-22T19:45:14.347+0800","C":"logger1/logger.go:81","M":"/api/v1/community","status":200,"method":"GET","path":"/api/v1/community","query":"","ip":"::1","user-agent":"PostmanRuntime/7.31.0","errors":"","cost":"1.0112ms"}
{"L":"INFO","T":"2023-02-22T19:45:18.580+0800","C":"logger1/logger.go:81","M":"/api/v1/community","status":200,"method":"GET","path":"/api/v1/community","query":"","ip":"::1","user-agent":"PostmanRuntime/7.31.0","errors":"","cost":"1.0024ms"}
{"L":"INFO","T":"2023-02-22T19:47:42.879+0800","C":"logger1/logger.go:81","M":"/api/v1/community","status":200,"method":"GET","path":"/api/v1/community","query":"","ip":"::1","user-agent":"PostmanRuntime/7.31.0","errors":"","cost":"0s"}
{"L":"INFO","T":"2023-02-22T19:48:17.376+0800","C":"logger1/logger.go:81","M":"/api/v1/community","status":200,"method":"GET","path":"/api/v1/community","query":"","ip":"::1","user-agent":"PostmanRuntime/7.31.0","errors":"","cost":"1.0027ms"}
{"L":"INFO","T":"2023-02-22T19:48:18.707+0800","C":"logger1/logger.go:81","M":"/api/v1/community","status":200,"method":"GET","path":"/api/v1/community","query":"","ip":"::1","user-agent":"PostmanRuntime/7.31.0","errors":"","cost":"0s"}
{"L":"DEBUG","T":"2023-02-22T19:49:16.854+0800","C":"awesomeProject/main.go:29","M":"logger init success..."}
{"L":"INFO","T":"2023-02-22T19:49:22.954+0800","C":"logger1/logger.go:81","M":"/api/v1/community","status":401,"method":"GET","path":"/api/v1/community","query":"","ip":"::1","user-agent":"PostmanRuntime/7.31.0","errors":"","cost":"0s"}
{"L":"INFO","T":"2023-02-22T19:49:37.174+0800","C":"logger1/logger.go:81","M":"/api/v1/community","status":401,"method":"GET","path":"/api/v1/community","query":"","ip":"::1","user-agent":"PostmanRuntime/7.31.0","errors":"","cost":"0s"}
{"L":"INFO","T":"2023-02-22T19:49:46.766+0800","C":"logger1/logger.go:81","M":"/api/v1/login","status":200,"method":"GET","path":"/api/v1/login","query":"","ip":"::1","user-agent":"PostmanRuntime/7.31.0","errors":"","cost":"0s"}
{"L":"DEBUG","T":"2023-02-22T19:49:55.315+0800","C":"awesomeProject/main.go:29","M":"logger init success..."}
{"L":"INFO","T":"2023-02-22T19:50:12.285+0800","C":"logger1/logger.go:81","M":"/api/v1/login","status":200,"method":"GET","path":"/api/v1/login","query":"","ip":"::1","user-agent":"PostmanRuntime/7.31.0","errors":"","cost":"0s"}
{"L":"INFO","T":"2023-02-22T19:50:17.399+0800","C":"logger1/logger.go:81","M":"/api/v1/login","status":200,"method":"GET","path":"/api/v1/login","query":"","ip":"::1","user-agent":"PostmanRuntime/7.31.0","errors":"","cost":"0s"}
{"L":"INFO","T":"2023-02-22T19:50:21.738+0800","C":"logger1/logger.go:81","M":"/api/v1/login","status":200,"method":"POST","path":"/api/v1/login","query":"","ip":"::1","user-agent":"PostmanRuntime/7.31.0","errors":"","cost":"2.017ms"}
{"L":"INFO","T":"2023-02-22T19:50:32.690+0800","C":"logger1/logger.go:81","M":"/api/v1/community","status":401,"method":"GET","path":"/api/v1/community","query":"","ip":"::1","user-agent":"PostmanRuntime/7.31.0","errors":"","cost":"0s"}
{"L":"INFO","T":"2023-02-22T19:50:38.489+0800","C":"logger1/logger.go:81","M":"/api/v1/comunity","status":200,"method":"GET","path":"/api/v1/comunity","query":"","ip":"::1","user-agent":"PostmanRuntime/7.31.0","errors":"","cost":"0s"}
{"L":"INFO","T":"2023-02-22T19:50:52.253+0800","C":"logger1/logger.go:81","M":"/api/v1/community","status":401,"method":"GET","path":"/api/v1/community","query":"","ip":"::1","user-agent":"PostmanRuntime/7.31.0","errors":"","cost":"0s"}
{"L":"INFO","T":"2023-02-22T19:51:06.176+0800","C":"logger1/logger.go:81","M":"/api/v1/login","status":200,"method":"POST","path":"/api/v1/login","query":"","ip":"::1","user-agent":"PostmanRuntime/7.31.0","errors":"","cost":"1.003ms"}
{"L":"DEBUG","T":"2023-02-22T19:51:14.192+0800","C":"awesomeProject/main.go:29","M":"logger init success..."}
{"L":"INFO","T":"2023-02-22T19:51:19.807+0800","C":"logger1/logger.go:81","M":"/api/v1/login","status":200,"method":"POST","path":"/api/v1/login","query":"","ip":"::1","user-agent":"PostmanRuntime/7.31.0","errors":"","cost":"2.0119ms"}
{"L":"INFO","T":"2023-02-22T19:51:27.195+0800","C":"logger1/logger.go:81","M":"/api/v1/community","status":200,"method":"POST","path":"/api/v1/community","query":"","ip":"::1","user-agent":"PostmanRuntime/7.31.0","errors":"","cost":"0s"}
{"L":"INFO","T":"2023-02-22T19:51:43.370+0800","C":"logger1/logger.go:81","M":"/api/v1/community","status":200,"method":"POST","path":"/api/v1/community","query":"","ip":"::1","user-agent":"PostmanRuntime/7.31.0","errors":"","cost":"0s"}
{"L":"INFO","T":"2023-02-22T19:51:47.519+0800","C":"logger1/logger.go:81","M":"/api/v1/community","status":200,"method":"GET","path":"/api/v1/community","query":"","ip":"::1","user-agent":"PostmanRuntime/7.31.0","errors":"","cost":"1.0314ms"}
{"L":"INFO","T":"2023-02-22T19:51:55.287+0800","C":"logger1/logger.go:81","M":"/api/v1/community","status":200,"method":"GET","path":"/api/v1/community","query":"","ip":"::1","user-agent":"PostmanRuntime/7.31.0","errors":"","cost":"0s"}
{"L":"DEBUG","T":"2023-02-22T19:53:05.228+0800","C":"awesomeProject/main.go:29","M":"logger init success..."}
{"L":"INFO","T":"2023-02-22T19:53:34.192+0800","C":"logger1/logger.go:81","M":"/api/v1/community","status":200,"method":"GET","path":"/api/v1/community","query":"","ip":"::1","user-agent":"PostmanRuntime/7.31.0","errors":"","cost":"23.2255013s"}
{"L":"DEBUG","T":"2023-02-22T19:53:58.109+0800","C":"awesomeProject/main.go:29","M":"logger init success..."}
{"L":"DEBUG","T":"2023-02-22T19:54:08.655+0800","C":"awesomeProject/main.go:29","M":"logger init success..."}
{"L":"INFO","T":"2023-02-22T19:59:54.245+0800","C":"logger1/logger.go:81","M":"/api/v1/community","status":200,"method":"GET","path":"/api/v1/community","query":"","ip":"::1","user-agent":"PostmanRuntime/7.31.0","errors":"","cost":"5m41.8463624s"}
{"L":"DEBUG","T":"2023-02-22T19:59:59.191+0800","C":"awesomeProject/main.go:29","M":"logger init success..."}
{"L":"INFO","T":"2023-02-22T20:00:01.591+0800","C":"logger1/logger.go:81","M":"/api/v1/community","status":200,"method":"GET","path":"/api/v1/community","query":"","ip":"::1","user-agent":"PostmanRuntime/7.31.0","errors":"","cost":"3.0193ms"}
{"L":"DEBUG","T":"2023-02-22T20:01:11.841+0800","C":"awesomeProject/main.go:29","M":"logger init success..."}
{"L":"INFO","T":"2023-02-22T20:01:16.093+0800","C":"logger1/logger.go:81","M":"/api/v1/community","status":200,"method":"GET","path":"/api/v1/community","query":"","ip":"::1","user-agent":"PostmanRuntime/7.31.0","errors":"","cost":"1.0029ms"}
{"L":"DEBUG","T":"2023-02-22T20:02:53.554+0800","C":"awesomeProject/main.go:29","M":"logger init success..."}
{"L":"INFO","T":"2023-02-22T20:03:06.184+0800","C":"logger1/logger.go:81","M":"/api/v1/community","status":200,"method":"GET","path":"/api/v1/community","query":"","ip":"::1","user-agent":"PostmanRuntime/7.31.0","errors":"","cost":"1.0029ms"}
{"L":"DEBUG","T":"2023-02-22T20:39:15.634+0800","C":"awesomeProject/main.go:29","M":"logger init success..."}
{"L":"ERROR","T":"2023-02-22T20:39:28.789+0800","C":"controller/community.go:37","M":"logic.GetCommunityDetail() failed","error":"Error 1146 (42S02): Table 'ginchat.community_details' doesn't exist"}
{"L":"INFO","T":"2023-02-22T20:39:28.789+0800","C":"logger1/logger.go:81","M":"/api/v1/community/1","status":200,"method":"GET","path":"/api/v1/community/1","query":"","ip":"::1","user-agent":"PostmanRuntime/7.31.0","errors":"","cost":"3.0091ms"}
{"L":"DEBUG","T":"2023-02-22T20:47:29.484+0800","C":"awesomeProject/main.go:29","M":"logger init success..."}
{"L":"INFO","T":"2023-02-22T20:47:33.472+0800","C":"logger1/logger.go:81","M":"/api/v1/community/1","status":200,"method":"GET","path":"/api/v1/community/1","query":"","ip":"::1","user-agent":"PostmanRuntime/7.31.0","errors":"","cost":"4.0101ms"}
{"L":"INFO","T":"2023-02-22T20:48:44.618+0800","C":"logger1/logger.go:81","M":"/api/v1/community","status":200,"method":"GET","path":"/api/v1/community","query":"","ip":"::1","user-agent":"PostmanRuntime/7.31.0","errors":"","cost":"1.0026ms"}
{"L":"INFO","T":"2023-02-22T20:48:49.385+0800","C":"logger1/logger.go:81","M":"/api/v1/community/2","status":200,"method":"GET","path":"/api/v1/community/2","query":"","ip":"::1","user-agent":"PostmanRuntime/7.31.0","errors":"","cost":"0s"}
{"L":"DEBUG","T":"2023-02-22T20:50:09.248+0800","C":"awesomeProject/main.go:29","M":"logger init success..."}
{"L":"INFO","T":"2023-02-22T20:50:10.385+0800","C":"logger1/logger.go:81","M":"/api/v1/community/2","status":200,"method":"GET","path":"/api/v1/community/2","query":"","ip":"::1","user-agent":"PostmanRuntime/7.31.0","errors":"","cost":"2.0042ms"}
{"L":"DEBUG","T":"2023-02-23T11:10:47.062+0800","C":"awesomeProject/main.go:29","M":"logger init success..."}
{"L":"DEBUG","T":"2023-02-23T11:13:58.263+0800","C":"awesomeProject/main.go:29","M":"logger init success..."}
{"L":"ERROR","T":"2023-02-23T11:14:10.185+0800","C":"controller/Post.go:53","M":"logic.GetPostDetailHandler(id) failed","error":"Error 1146 (42S02): Table 'ginchat.posts' doesn't exist"}
{"L":"INFO","T":"2023-02-23T11:14:10.185+0800","C":"logger1/logger.go:81","M":"/api/v1/post/1","status":200,"method":"POST","path":"/api/v1/post/1","query":"","ip":"::1","user-agent":"PostmanRuntime/7.31.0","errors":"","cost":"4.0121ms"}
{"L":"INFO","T":"2023-02-23T11:14:48.639+0800","C":"logger1/logger.go:81","M":"/api/v1/post/1","status":200,"method":"POST","path":"/api/v1/post/1","query":"","ip":"::1","user-agent":"PostmanRuntime/7.31.0","errors":"","cost":"5.0136ms"}
{"L":"DEBUG","T":"2023-02-23T12:04:58.098+0800","C":"awesomeProject/main.go:29","M":"logger init success..."}
{"L":"ERROR","T":"2023-02-23T12:05:41.966+0800","C":"logic/post.go:36","M":"err","error":"record not found"}
{"L":"ERROR","T":"2023-02-23T12:05:41.966+0800","C":"controller/Post.go:53","M":"logic.GetPostDetailHandler(id) failed","error":"record not found"}
{"L":"INFO","T":"2023-02-23T12:05:41.966+0800","C":"logger1/logger.go:81","M":"/api/v1/post/1","status":200,"method":"POST","path":"/api/v1/post/1","query":"","ip":"::1","user-agent":"PostmanRuntime/7.31.0","errors":"","cost":"8.0211ms"}
{"L":"DEBUG","T":"2023-02-23T12:07:54.676+0800","C":"awesomeProject/main.go:29","M":"logger init success..."}
{"L":"ERROR","T":"2023-02-23T12:08:00.627+0800","C":"logic/post.go:35","M":"err","error":"record not found"}
{"L":"ERROR","T":"2023-02-23T12:08:00.627+0800","C":"logic/post.go:41","M":"err","error":"invalid value, should be pointer to struct or slice"}
{"L":"ERROR","T":"2023-02-23T12:08:00.627+0800","C":"controller/Post.go:53","M":"logic.GetPostDetailHandler(id) failed","error":"invalid value, should be pointer to struct or slice"}
{"L":"INFO","T":"2023-02-23T12:08:00.627+0800","C":"logger1/logger.go:81","M":"/api/v1/post/1","status":200,"method":"POST","path":"/api/v1/post/1","query":"","ip":"::1","user-agent":"PostmanRuntime/7.31.0","errors":"","cost":"1.0024ms"}
{"L":"DEBUG","T":"2023-02-23T12:12:29.782+0800","C":"awesomeProject/main.go:29","M":"logger init success..."}
{"L":"ERROR","T":"2023-02-23T12:14:33.537+0800","C":"logic/post.go:35","M":"err","error":"record not found"}
{"L":"ERROR","T":"2023-02-23T12:14:33.537+0800","C":"logic/post.go:41","M":"err","error":"invalid value, should be pointer to struct or slice"}
{"L":"ERROR","T":"2023-02-23T12:14:33.537+0800","C":"controller/Post.go:53","M":"logic.GetPostDetailHandler(id) failed","error":"invalid value, should be pointer to struct or slice"}
{"L":"INFO","T":"2023-02-23T12:14:33.537+0800","C":"logger1/logger.go:81","M":"/api/v1/post/1","status":200,"method":"POST","path":"/api/v1/post/1","query":"","ip":"::1","user-agent":"PostmanRuntime/7.31.0","errors":"","cost":"2.0059ms"}
{"L":"ERROR","T":"2023-02-23T12:15:06.943+0800","C":"logic/post.go:41","M":"err","error":"invalid value, should be pointer to struct or slice"}
{"L":"ERROR","T":"2023-02-23T12:15:06.943+0800","C":"controller/Post.go:53","M":"logic.GetPostDetailHandler(id) failed","error":"invalid value, should be pointer to struct or slice"}
{"L":"INFO","T":"2023-02-23T12:15:06.943+0800","C":"logger1/logger.go:81","M":"/api/v1/post/1","status":200,"method":"POST","path":"/api/v1/post/1","query":"","ip":"::1","user-agent":"PostmanRuntime/7.31.0","errors":"","cost":"1.0032ms"}
{"L":"DEBUG","T":"2023-02-23T12:17:24.282+0800","C":"awesomeProject/main.go:29","M":"logger init success..."}
{"L":"ERROR","T":"2023-02-23T12:17:34.369+0800","C":"logic/post.go:41","M":"err","error":"record not found"}
{"L":"ERROR","T":"2023-02-23T12:17:34.369+0800","C":"controller/Post.go:53","M":"logic.GetPostDetailHandler(id) failed","error":"record not found"}
{"L":"INFO","T":"2023-02-23T12:17:34.369+0800","C":"logger1/logger.go:81","M":"/api/v1/post/1","status":200,"method":"POST","path":"/api/v1/post/1","query":"","ip":"::1","user-agent":"PostmanRuntime/7.31.0","errors":"","cost":"4.561ms"}
{"L":"INFO","T":"2023-02-23T12:18:07.891+0800","C":"logger1/logger.go:81","M":"/api/v1/post/1","status":200,"method":"POST","path":"/api/v1/post/1","query":"","ip":"::1","user-agent":"PostmanRuntime/7.31.0","errors":"","cost":"2.8251ms"}
{"L":"DEBUG","T":"2023-02-23T12:18:20.133+0800","C":"awesomeProject/main.go:29","M":"logger init success..."}
{"L":"INFO","T":"2023-02-23T12:18:22.183+0800","C":"logger1/logger.go:81","M":"/api/v1/post/1","status":200,"method":"POST","path":"/api/v1/post/1","query":"","ip":"::1","user-agent":"PostmanRuntime/7.31.0","errors":"","cost":"2.0056ms"}
{"L":"INFO","T":"2023-02-23T12:18:23.745+0800","C":"logger1/logger.go:81","M":"/api/v1/post/1","status":200,"method":"POST","path":"/api/v1/post/1","query":"","ip":"::1","user-agent":"PostmanRuntime/7.31.0","errors":"","cost":"1.0049ms"}
{"L":"INFO","T":"2023-02-23T12:18:24.346+0800","C":"logger1/logger.go:81","M":"/api/v1/post/1","status":200,"method":"POST","path":"/api/v1/post/1","query":"","ip":"::1","user-agent":"PostmanRuntime/7.31.0","errors":"","cost":"1.0021ms"}
{"L":"DEBUG","T":"2023-02-23T12:19:18.378+0800","C":"awesomeProject/main.go:29","M":"logger init success..."}
{"L":"ERROR","T":"2023-02-23T12:19:22.354+0800","C":"logger1/logger.go:123","M":"[Recovery from panic]","error":"reflect: reflect.Value.SetInt using unaddressable value","request":"POST /api/v1/post/1 HTTP/1.1\r\nHost: localhost:8080\r\nAccept: */*\r\nAccept-Encoding: gzip, deflate, br\r\nConnection: keep-alive\r\nContent-Length: 61\r\nContent-Type: application/json\r\nPostman-Token: 6be15a4c-d40f-4b46-9069-aafc75ccd54e\r\nUser-Agent: PostmanRuntime/7.31.0\r\n\r\n","stack":"goroutine 51 [running]:\nruntime/debug.Stack()\n\tD:/go/src/runtime/debug/stack.go:24 +0x65\nawesomeProject/logger1.GinRecovery.func1.1()\n\tC:/Users/hans/GolandProjects/awesomeProject/logger1/logger.go:126 +0x2da\npanic({0x1ab3b60, 0xc000088a20})\n\tD:/go/src/runtime/panic.go:884 +0x212\nreflect.flag.mustBeAssignableSlow(0xc000559860?)\n\tD:/go/src/reflect/value.go:260 +0x85\nreflect.flag.mustBeAssignable(...)\n\tD:/go/src/reflect/value.go:247\nreflect.Value.SetInt({0x1ab3220?, 0xc00015e740?, 0x1b3bb60?}, 0x1)\n\tD:/go/src/reflect/value.go:2233 +0x48\ngorm.io/gorm/schema.(*Field).setupValuerAndSetter.func8({0x1cc5df0?, 0xc000120058?}, {0x1b3bb60?, 0xc00015e740?, 0x60?}, {0x1a94e40?, 0xc000514070?})\n\tC:/Users/hans/go/pkg/mod/gorm.io/gorm@v1.24.5/schema/field.go:603 +0x877\ngorm.io/gorm.(*DB).scanIntoStruct(0xc0000af050, {0x1cc73d0, 0xc000542680}, {0x1b3bb60?, 0xc00015e740?, 0xc000366500?}, {0xc000512840?, 0x6, 0x6}, {0xc0000af500, ...}, ...)\n\tC:/Users/hans/go/pkg/mod/gorm.io/gorm@v1.24.5/scan.go:75 +0x407\ngorm.io/gorm.Scan({0x1cc73d0, 0xc000542680}, 0xc0000af050, 0x0)\n\tC:/Users/hans/go/pkg/mod/gorm.io/gorm@v1.24.5/scan.go:300 +0xecc\ngorm.io/gorm/callbacks.Query(0xc0000af050)\n\tC:/Users/hans/go/pkg/mod/gorm.io/gorm@v1.24.5/callbacks/query.go:26 +0x105\ngorm.io/gorm.(*processor).Execute(0xc000451b30, 0xc0001d17a0?)\n\tC:/Users/hans/go/pkg/mod/gorm.io/gorm@v1.24.5/callbacks.go:134 +0x3fc\ngorm.io/gorm.(*DB).First(0x1b3bb60?, {0x1b3bb60?, 0xc00015e740}, {0x0, 0x0, 0x0})\n\tC:/Users/hans/go/pkg/mod/gorm.io/gorm@v1.24.5/finisher_api.go:129 +0x1b9\nawesomeProject/models.FindallCommunityDetails(0x1f4dd6bffff?)\n\tC:/Users/hans/GolandProjects/awesomeProject/models/community.go:51 +0x106\nawesomeProject/dao/communityMysql.GetCommunityDetail(...)\n\tC:/Users/hans/GolandProjects/awesomeProject/dao/communityMysql/community.go:13\nawesomeProject/logic.GetPostDetailHandler(0xc000020192?)\n\tC:/Users/hans/GolandProjects/awesomeProject/logic/post.go:39 +0x30c\nawesomeProject/controller.CreatePostDetailHandler(0xc000158300)\n\tC:/Users/hans/GolandProjects/awesomeProject/controller/Post.go:51 +0x2fd\ngithub.com/gin-gonic/gin.(*Context).Next(...)\n\tC:/Users/hans/go/pkg/mod/github.com/gin-gonic/gin@v1.8.2/context.go:173\nawesomeProject/logger1.GinRecovery.func1(0xc000158300)\n\tC:/Users/hans/GolandProjects/awesomeProject/logger1/logger.go:137 +0x76\ngithub.com/gin-gonic/gin.(*Context).Next(...)\n\tC:/Users/hans/go/pkg/mod/github.com/gin-gonic/gin@v1.8.2/context.go:173\nawesomeProject/logger1.GinLogger.func1(0xc000158300)\n\tC:/Users/hans/GolandProjects/awesomeProject/logger1/logger.go:78 +0xa2\ngithub.com/gin-gonic/gin.(*Context).Next(...)\n\tC:/Users/hans/go/pkg/mod/github.com/gin-gonic/gin@v1.8.2/context.go:173\ngithub.com/gin-gonic/gin.(*Engine).handleHTTPRequest(0xc0005024e0, 0xc000158300)\n\tC:/Users/hans/go/pkg/mod/github.com/gin-gonic/gin@v1.8.2/gin.go:616 +0x671\ngithub.com/gin-gonic/gin.(*Engine).ServeHTTP(0xc0005024e0, {0x1cc5250?, 0xc000540000}, 0xc000158200)\n\tC:/Users/hans/go/pkg/mod/github.com/gin-gonic/gin@v1.8.2/gin.go:572 +0x1dd\nnet/http.serverHandler.ServeHTTP({0x1cc3b48?}, {0x1cc5250, 0xc000540000}, 0xc000158200)\n\tD:/go/src/net/http/server.go:2947 +0x30c\nnet/http.(*conn).serve(0xc00022c000, {0x1cc5e60, 0xc000165a10})\n\tD:/go/src/net/http/server.go:1991 +0x607\ncreated by net/http.(*Server).Serve\n\tD:/go/src/net/http/server.go:3102 +0x4db\n"}
{"L":"INFO","T":"2023-02-23T12:19:22.354+0800","C":"logger1/logger.go:81","M":"/api/v1/post/1","status":500,"method":"POST","path":"/api/v1/post/1","query":"","ip":"::1","user-agent":"PostmanRuntime/7.31.0","errors":"","cost":"4.0109ms"}
{"L":"DEBUG","T":"2023-02-23T12:19:27.551+0800","C":"awesomeProject/main.go:29","M":"logger init success..."}
{"L":"ERROR","T":"2023-02-23T12:19:31.263+0800","C":"logger1/logger.go:123","M":"[Recovery from panic]","error":"reflect: reflect.Value.SetInt using unaddressable value","request":"POST /api/v1/post/1 HTTP/1.1\r\nHost: localhost:8080\r\nAccept: */*\r\nAccept-Encoding: gzip, deflate, br\r\nConnection: keep-alive\r\nContent-Length: 61\r\nContent-Type: application/json\r\nPostman-Token: 72b5517b-5c79-4097-bfb9-818b30148729\r\nUser-Agent: PostmanRuntime/7.31.0\r\n\r\n","stack":"goroutine 50 [running]:\nruntime/debug.Stack()\n\tD:/go/src/runtime/debug/stack.go:24 +0x65\nawesomeProject/logger1.GinRecovery.func1.1()\n\tC:/Users/hans/GolandProjects/awesomeProject/logger1/logger.go:126 +0x2da\npanic({0x1ab3b60, 0xc000198420})\n\tD:/go/src/runtime/panic.go:884 +0x212\nreflect.flag.mustBeAssignableSlow(0xc00056d860?)\n\tD:/go/src/reflect/value.go:260 +0x85\nreflect.flag.mustBeAssignable(...)\n\tD:/go/src/reflect/value.go:247\nreflect.Value.SetInt({0x1ab3220?, 0xc000518c80?, 0x1b3bb60?}, 0x1)\n\tD:/go/src/reflect/value.go:2233 +0x48\ngorm.io/gorm/schema.(*Field).setupValuerAndSetter.func8({0x1cc5df0?, 0xc000028098?}, {0x1b3bb60?, 0xc000518c80?, 0x60?}, {0x1a94e40?, 0xc0000a81d8?})\n\tC:/Users/hans/go/pkg/mod/gorm.io/gorm@v1.24.5/schema/field.go:603 +0x877\ngorm.io/gorm.(*DB).scanIntoStruct(0xc00017eea0, {0x1cc73d0, 0xc0000a7000}, {0x1b3bb60?, 0xc000518c80?, 0xc000005400?}, {0xc0000bed80?, 0x6, 0x6}, {0xc00017f8f0, ...}, ...)\n\tC:/Users/hans/go/pkg/mod/gorm.io/gorm@v1.24.5/scan.go:75 +0x407\ngorm.io/gorm.Scan({0x1cc73d0, 0xc0000a7000}, 0xc00017eea0, 0x0)\n\tC:/Users/hans/go/pkg/mod/gorm.io/gorm@v1.24.5/scan.go:300 +0xecc\ngorm.io/gorm/callbacks.Query(0xc00017eea0)\n\tC:/Users/hans/go/pkg/mod/gorm.io/gorm@v1.24.5/callbacks/query.go:26 +0x105\ngorm.io/gorm.(*processor).Execute(0xc00052a190, 0xc000096930?)\n\tC:/Users/hans/go/pkg/mod/gorm.io/gorm@v1.24.5/callbacks.go:134 +0x3fc\ngorm.io/gorm.(*DB).First(0x1b3bb60?, {0x1b3bb60?, 0xc000518c80}, {0x0, 0x0, 0x0})\n\tC:/Users/hans/go/pkg/mod/gorm.io/gorm@v1.24.5/finisher_api.go:129 +0x1b9\nawesomeProject/models.FindallCommunityDetails(0x0?)\n\tC:/Users/hans/GolandProjects/awesomeProject/models/community.go:51 +0x106\nawesomeProject/dao/communityMysql.GetCommunityDetail(...)\n\tC:/Users/hans/GolandProjects/awesomeProject/dao/communityMysql/community.go:13\nawesomeProject/logic.GetPostDetailHandler(0xc000524b12?)\n\tC:/Users/hans/GolandProjects/awesomeProject/logic/post.go:39 +0x30c\nawesomeProject/controller.CreatePostDetailHandler(0xc000110500)\n\tC:/Users/hans/GolandProjects/awesomeProject/controller/Post.go:51 +0x2fd\ngithub.com/gin-gonic/gin.(*Context).Next(...)\n\tC:/Users/hans/go/pkg/mod/github.com/gin-gonic/gin@v1.8.2/context.go:173\nawesomeProject/logger1.GinRecovery.func1(0xc000110500)\n\tC:/Users/hans/GolandProjects/awesomeProject/logger1/logger.go:137 +0x76\ngithub.com/gin-gonic/gin.(*Context).Next(...)\n\tC:/Users/hans/go/pkg/mod/github.com/gin-gonic/gin@v1.8.2/context.go:173\nawesomeProject/logger1.GinLogger.func1(0xc000110500)\n\tC:/Users/hans/GolandProjects/awesomeProject/logger1/logger.go:78 +0xa2\ngithub.com/gin-gonic/gin.(*Context).Next(...)\n\tC:/Users/hans/go/pkg/mod/github.com/gin-gonic/gin@v1.8.2/context.go:173\ngithub.com/gin-gonic/gin.(*Engine).handleHTTPRequest(0xc0004b8340, 0xc000110500)\n\tC:/Users/hans/go/pkg/mod/github.com/gin-gonic/gin@v1.8.2/gin.go:616 +0x671\ngithub.com/gin-gonic/gin.(*Engine).ServeHTTP(0xc0004b8340, {0x1cc5250?, 0xc0001122a0}, 0xc00051c300)\n\tC:/Users/hans/go/pkg/mod/github.com/gin-gonic/gin@v1.8.2/gin.go:572 +0x1dd\nnet/http.serverHandler.ServeHTTP({0x1cc3b48?}, {0x1cc5250, 0xc0001122a0}, 0xc00051c300)\n\tD:/go/src/net/http/server.go:2947 +0x30c\nnet/http.(*conn).serve(0xc000000000, {0x1cc5e60, 0xc000115350})\n\tD:/go/src/net/http/server.go:1991 +0x607\ncreated by net/http.(*Server).Serve\n\tD:/go/src/net/http/server.go:3102 +0x4db\n"}
{"L":"INFO","T":"2023-02-23T12:19:31.263+0800","C":"logger1/logger.go:81","M":"/api/v1/post/1","status":500,"method":"POST","path":"/api/v1/post/1","query":"","ip":"::1","user-agent":"PostmanRuntime/7.31.0","errors":"","cost":"4.0138ms"}
{"L":"DEBUG","T":"2023-02-23T12:20:10.219+0800","C":"awesomeProject/main.go:29","M":"logger init success..."}
{"L":"INFO","T":"2023-02-23T12:20:13.323+0800","C":"logger1/logger.go:81","M":"/api/v1/post/1","status":200,"method":"POST","path":"/api/v1/post/1","query":"","ip":"::1","user-agent":"PostmanRuntime/7.31.0","errors":"","cost":"1.0026ms"}
{"L":"DEBUG","T":"2023-02-23T12:22:39.942+0800","C":"awesomeProject/main.go:29","M":"logger init success..."}
{"L":"ERROR","T":"2023-02-23T12:22:42.064+0800","C":"logic/post.go:41","M":"err","error":"invalid value, should be pointer to struct or slice"}
{"L":"ERROR","T":"2023-02-23T12:22:42.065+0800","C":"controller/Post.go:53","M":"logic.GetPostDetailHandler(id) failed","error":"invalid value, should be pointer to struct or slice"}
{"L":"INFO","T":"2023-02-23T12:22:42.065+0800","C":"logger1/logger.go:81","M":"/api/v1/post/1","status":200,"method":"POST","path":"/api/v1/post/1","query":"","ip":"::1","user-agent":"PostmanRuntime/7.31.0","errors":"","cost":"2.0045ms"}
{"L":"DEBUG","T":"2023-02-23T12:23:01.503+0800","C":"awesomeProject/main.go:29","M":"logger init success..."}
{"L":"INFO","T":"2023-02-23T12:23:03.791+0800","C":"logger1/logger.go:81","M":"/api/v1/post/1","status":200,"method":"POST","path":"/api/v1/post/1","query":"","ip":"::1","user-agent":"PostmanRuntime/7.31.0","errors":"","cost":"4.0106ms"}
{"L":"DEBUG","T":"2023-02-23T12:39:53.642+0800","C":"awesomeProject/main.go:29","M":"logger init success..."}
{"L":"INFO","T":"2023-02-23T12:40:03.447+0800","C":"logger1/logger.go:81","M":"/api/v1/post/1","status":200,"method":"POST","path":"/api/v1/post/1","query":"","ip":"::1","user-agent":"PostmanRuntime/7.31.0","errors":"","cost":"4.0118ms"}
{"L":"INFO","T":"2023-02-23T12:40:06.107+0800","C":"logger1/logger.go:81","M":"/api/v1/post/1","status":200,"method":"POST","path":"/api/v1/post/1","query":"","ip":"::1","user-agent":"PostmanRuntime/7.31.0","errors":"","cost":"1.0027ms"}
